\BOOKMARK [0][-]{section*.2}{\376\377\000C\000A\000N\000D\000I\000D\000A\000T\000E\000'\000S\000\040\000D\000E\000C\000L\000A\000R\000A\000T\000I\000O\000N}{}% 1
\BOOKMARK [0][-]{section*.3}{\376\377\000A\000b\000s\000t\000r\000a\000c\000t}{}% 2
\BOOKMARK [0][-]{chapter*.4}{\376\377\000L\000i\000s\000t\000\040\000o\000f\000\040\000F\000i\000g\000u\000r\000e\000s}{}% 3
\BOOKMARK [0][-]{chapter*.5}{\376\377\000L\000i\000s\000t\000\040\000o\000f\000\040\000T\000a\000b\000l\000e\000s}{}% 4
\BOOKMARK [0][-]{chapter.7}{\376\377\000I\000n\000t\000r\000o\000d\000u\000c\000t\000i\000o\000n}{}% 5
\BOOKMARK [1][-]{section.8}{\376\377\000M\000o\000t\000i\000v\000a\000t\000i\000o\000n\000\040\000a\000n\000d\000\040\000b\000a\000c\000k\000g\000r\000o\000u\000n\000d}{chapter.7}% 6
\BOOKMARK [1][-]{section.9}{\376\377\000L\000i\000t\000e\000r\000a\000t\000u\000r\000e\000\040\000S\000u\000r\000v\000e\000y}{chapter.7}% 7
\BOOKMARK [1][-]{section.11}{\376\377\000L\000a\000c\000u\000n\000a\000\040\000i\000n\000\040\000l\000i\000t\000e\000r\000a\000t\000u\000r\000e}{chapter.7}% 8
\BOOKMARK [1][-]{section.12}{\376\377\000O\000b\000j\000e\000c\000t\000i\000v\000e\000s\000\040\000o\000f\000\040\000t\000h\000e\000\040\000p\000r\000e\000s\000e\000n\000t\000\040\000w\000o\000r\000k}{chapter.7}% 9
\BOOKMARK [1][-]{section.13}{\376\377\000O\000r\000g\000a\000n\000i\000z\000a\000t\000i\000o\000n\000\040\000o\000f\000\040\000t\000h\000e\000\040\000r\000e\000p\000o\000r\000t}{chapter.7}% 10
\BOOKMARK [0][-]{chapter.14}{\376\377\000N\000u\000m\000e\000r\000i\000c\000a\000l\000\040\000F\000r\000a\000m\000e\000w\000o\000r\000k}{}% 11
\BOOKMARK [1][-]{section.15}{\376\377\000I\000n\000t\000r\000o\000d\000u\000c\000t\000i\000o\000n}{chapter.14}% 12
\BOOKMARK [1][-]{section.16}{\376\377\000G\000o\000v\000e\000r\000n\000i\000n\000g\000\040\000e\000q\000u\000a\000t\000i\000o\000n\000s}{chapter.14}% 13
\BOOKMARK [1][-]{section.22}{\376\377\000P\000r\000o\000c\000e\000s\000s\000\040\000p\000a\000r\000a\000m\000e\000t\000e\000r\000s\000\040\000a\000n\000d\000\040\000m\000e\000s\000h\000\040\000s\000e\000n\000s\000i\000t\000i\000v\000i\000t\000y\000\040\000a\000n\000a\000l\000y\000s\000i\000s}{chapter.14}% 14
\BOOKMARK [1][-]{section.27}{\376\377\000V\000a\000l\000i\000d\000a\000t\000i\000o\000n\000\040\000o\000f\000\040\000t\000h\000e\000\040\000n\000u\000m\000e\000r\000i\000c\000a\000l\000\040\000m\000o\000d\000e\000l}{chapter.14}% 15
\BOOKMARK [0][-]{chapter.29}{\376\377\000C\000o\000l\000l\000i\000s\000i\000o\000n\000\040\000o\000f\000\040\000l\000i\000q\000u\000i\000d\000\040\000j\000e\000t\000s}{}% 16
\BOOKMARK [1][-]{section.30}{\376\377\000C\000o\000l\000l\000i\000s\000i\000o\000n\000\040\000a\000n\000d\000\040\000S\000h\000e\000e\000t\000\040\000f\000o\000r\000m\000a\000t\000i\000o\000n}{chapter.29}% 17
\BOOKMARK [2][-]{subsection.32}{\376\377\000T\000h\000e\000\040\000p\000r\000o\000c\000e\000s\000s\000\040\000o\000f\000\040\000c\000h\000a\000i\000n\000\040\000f\000o\000r\000m\000a\000t\000i\000o\000n}{section.30}% 18
\BOOKMARK [2][-]{subsection.34}{\376\377\000V\000e\000l\000o\000c\000i\000t\000y\000\040\000v\000a\000r\000i\000a\000t\000i\000o\000n\000\040\000i\000n\000s\000i\000d\000e\000\040\000t\000h\000e\000\040\000s\000h\000e\000e\000t}{section.30}% 19
\BOOKMARK [2][-]{subsection.39}{\376\377\000T\000h\000r\000e\000e\000\040\000d\000i\000m\000e\000n\000s\000i\000o\000n\000a\000l\000\040\000s\000t\000r\000e\000a\000m\000l\000i\000n\000e\000\040\000s\000t\000r\000u\000c\000t\000u\000r\000e}{section.30}% 20
\BOOKMARK [1][-]{section.42}{\376\377\000P\000a\000r\000a\000m\000e\000t\000r\000i\000c\000\040\000V\000a\000r\000i\000a\000t\000i\000o\000n}{chapter.29}% 21
\BOOKMARK [2][-]{subsection.43}{\376\377\000V\000a\000r\000i\000a\000t\000i\000o\000n\000\040\000o\000f\000\040\000c\000o\000n\000t\000r\000o\000l\000\040\000p\000a\000r\000a\000m\000e\000t\000e\000r\000s}{section.42}% 22
\BOOKMARK [2][-]{subsection.46}{\376\377\000P\000r\000e\000d\000i\000c\000t\000i\000o\000n\000\040\000o\000f\000\040\000c\000h\000a\000i\000n\000\040\000s\000t\000r\000u\000c\000t\000u\000r\000e\000\040\000u\000s\000i\000n\000g\000\040\000r\000e\000g\000r\000e\000s\000s\000i\000o\000n\000\040\000a\000n\000a\000l\000y\000s\000i\000s}{section.42}% 23
\BOOKMARK [1][-]{section.51}{\376\377\000A\000n\000a\000l\000y\000t\000i\000c\000a\000l\000\040\000M\000o\000d\000e\000l}{chapter.29}% 24
\BOOKMARK [1][-]{section.60}{\376\377\000I\000n\000t\000e\000r\000-\000r\000e\000l\000a\000t\000i\000o\000n\000\040\000b\000e\000t\000w\000e\000e\000n\000\040\000i\000n\000t\000e\000r\000-\000c\000o\000n\000n\000e\000c\000t\000e\000d\000\040\000l\000i\000n\000k\000s}{chapter.29}% 25
\BOOKMARK [0][-]{chapter.63}{\376\377\000C\000o\000n\000c\000l\000u\000s\000i\000o\000n\000\040\000a\000n\000d\000\040\000F\000u\000t\000u\000r\000e\000\040\000W\000o\000r\000k}{}% 26
\BOOKMARK [1][-]{section.64}{\376\377\000C\000o\000n\000c\000l\000u\000s\000i\000o\000n}{chapter.63}% 27
\BOOKMARK [1][-]{section.65}{\376\377\000F\000u\000t\000u\000r\000e\000\040\000W\000o\000r\000k}{chapter.63}% 28
\BOOKMARK [0][-]{table.caption.66}{\376\377\000A\000c\000h\000i\000e\000v\000e\000m\000e\000n\000t\000s\000\040\000t\000i\000l\000l\000\040\000d\000a\000t\000e}{}% 29
\BOOKMARK [0][-]{chapter*.67}{\376\377\000R\000e\000f\000e\000r\000e\000n\000c\000e\000s}{}% 30
